C:\Users\tda_m\Desktop\Facultate\2nd year\Sem2\Web Technologies\WT-Project-b8a35cc4287e26291a79e767e6a0e7291268e0cd\WT_Project\app.js
C:\Users\tda_m\Desktop\Facultate\2nd year\Sem2\Web Technologies\WT-Project-b8a35cc4287e26291a79e767e6a0e7291268e0cd\WT_Project\app.js.map
C:\Users\tda_m\Desktop\Facultate\2nd year\Sem2\Web Technologies\WT-Project-b8a35cc4287e26291a79e767e6a0e7291268e0cd\WT_Project\app.js
C:\Users\tda_m\Desktop\Facultate\2nd year\Sem2\Web Technologies\WT-Project-b8a35cc4287e26291a79e767e6a0e7291268e0cd\WT_Project\app.js.map
C:\Users\tda_m\Desktop\Facultate\2nd year\Sem2\Web Technologies\WT-Project-b8a35cc4287e26291a79e767e6a0e7291268e0cd\WT_Project\app.js
C:\Users\tda_m\Desktop\Facultate\2nd year\Sem2\Web Technologies\WT-Project-b8a35cc4287e26291a79e767e6a0e7291268e0cd\WT_Project\app.js.map
C:\Users\tda_m\Desktop\Facultate\2nd year\Sem2\Web Technologies\WT-Project-b8a35cc4287e26291a79e767e6a0e7291268e0cd\WT_Project\app.js
C:\Users\tda_m\Desktop\Facultate\2nd year\Sem2\Web Technologies\WT-Project-b8a35cc4287e26291a79e767e6a0e7291268e0cd\WT_Project\app.js.map
C:\Users\tda_m\Desktop\Facultate\2nd year\Sem2\Web Technologies\WT-Project-b8a35cc4287e26291a79e767e6a0e7291268e0cd\WT_Project\app.js
C:\Users\tda_m\Desktop\Facultate\2nd year\Sem2\Web Technologies\WT-Project-b8a35cc4287e26291a79e767e6a0e7291268e0cd\WT_Project\app.js.map
C:\Users\tda_m\Desktop\Facultate\2nd year\Sem2\Web Technologies\WT-Project-b8a35cc4287e26291a79e767e6a0e7291268e0cd\WT_Project\app.js
C:\Users\tda_m\Desktop\Facultate\2nd year\Sem2\Web Technologies\WT-Project-b8a35cc4287e26291a79e767e6a0e7291268e0cd\WT_Project\app.js.map
C:\Users\tda_m\Desktop\Facultate\2nd year\Sem2\Web Technologies\WT-Project-b8a35cc4287e26291a79e767e6a0e7291268e0cd\WT_Project\app.js
C:\Users\tda_m\Desktop\Facultate\2nd year\Sem2\Web Technologies\WT-Project-b8a35cc4287e26291a79e767e6a0e7291268e0cd\WT_Project\app.js.map
C:\Users\tda_m\Desktop\Facultate\2nd year\Sem2\Web Technologies\WT-Project-b8a35cc4287e26291a79e767e6a0e7291268e0cd\WT_Project\app.js
C:\Users\tda_m\Desktop\Facultate\2nd year\Sem2\Web Technologies\WT-Project-b8a35cc4287e26291a79e767e6a0e7291268e0cd\WT_Project\app.js.map
C:\Users\tda_m\Desktop\Facultate\2nd year\Sem2\Web Technologies\WT-Project-b8a35cc4287e26291a79e767e6a0e7291268e0cd\WT_Project\app.js
C:\Users\tda_m\Desktop\Facultate\2nd year\Sem2\Web Technologies\WT-Project-b8a35cc4287e26291a79e767e6a0e7291268e0cd\WT_Project\app.js.map
C:\Users\tda_m\Desktop\Facultate\2nd year\Sem2\Web Technologies\WT-Project-b8a35cc4287e26291a79e767e6a0e7291268e0cd\WT_Project\app.js
C:\Users\tda_m\Desktop\Facultate\2nd year\Sem2\Web Technologies\WT-Project-b8a35cc4287e26291a79e767e6a0e7291268e0cd\WT_Project\app.js.map
C:\Users\tda_m\Desktop\Facultate\2nd year\Sem2\Web Technologies\WT-Project-b8a35cc4287e26291a79e767e6a0e7291268e0cd\WT_Project\app.js
C:\Users\tda_m\Desktop\Facultate\2nd year\Sem2\Web Technologies\WT-Project-b8a35cc4287e26291a79e767e6a0e7291268e0cd\WT_Project\app.js.map
C:\Users\tda_m\Desktop\WT-Project-master\WT_Project\app.js
C:\Users\tda_m\Desktop\WT-Project-master\WT_Project\app.js.map
C:\Users\tda_m\Desktop\WT-Project-master\WT_Project\app.js
C:\Users\tda_m\Desktop\WT-Project-master\WT_Project\app.js.map
C:\Users\tda_m\Desktop\WT-Project-master\WT_Project\app.js
C:\Users\tda_m\Desktop\WT-Project-master\WT_Project\app.js.map
C:\Users\tda_m\Desktop\Facultate\2nd year\Sem2\Web Technologies\WT-Project-master\WT_Project\app.js
C:\Users\tda_m\Desktop\Facultate\2nd year\Sem2\Web Technologies\WT-Project-master\WT_Project\app.js.map
C:\Users\tda_m\Desktop\Facultate\2nd year\Sem2\Web Technologies\WT-Project-master\WT_Project\app.js
C:\Users\tda_m\Desktop\Facultate\2nd year\Sem2\Web Technologies\WT-Project-master\WT_Project\app.js.map
C:\Users\tda_m\Desktop\Facultate\2nd year\Sem2\Web Technologies\WT-Project-master\WT_Project\app.js
C:\Users\tda_m\Desktop\Facultate\2nd year\Sem2\Web Technologies\WT-Project-master\WT_Project\app.js.map
C:\Users\tda_m\Desktop\Facultate\2nd year\Sem2\Web Technologies\WT-Project-master\WT_Project\app.js
C:\Users\tda_m\Desktop\Facultate\2nd year\Sem2\Web Technologies\WT-Project-master\WT_Project\app.js.map
C:\Users\tda_m\Desktop\WT-Project-master\WT_Project\app.js
C:\Users\tda_m\Desktop\WT-Project-master\WT_Project\app.js.map
